<?xml version="1.0" encoding="UTF-8"?>
<!-- Generated by org.testng.reporters.JUnitXMLReporter -->
<testsuite ignored="0" hostname="KING" failures="0" tests="6" name="Test" time="0.071" errors="0" timestamp="2022-08-02T20:52:46 IST">
  <testcase classname="qaclickacademy.AppiumTest" name="IOSApps" time="0.008"/>
  <testcase classname="qaclickacademy.AppiumTest" name="NativeAppAndroid" time="0.001"/>
  <testcase classname="qaclickacademy.SeleniumTest" name="browwserAutomation" time="0.001"/>
  <testcase classname="qaclickacademy.SeleniumTest" name="elementsUi" time="0.001"/>
  <testcase classname="qaclickacademy.RESTAPITest" name="deleteTwitter" time="0.001"/>
  <testcase classname="qaclickacademy.RESTAPITest" name="postJira" time="0.002"/>
</testsuite> <!-- Test -->
