<?xml version="1.0" encoding="UTF-8"?>
<testng-results ignored="0" total="6" passed="6" failed="0" skipped="0">
  <reporter-output>
  </reporter-output>
  <suite started-at="2022-08-03T09:56:06 IST" name="Command line suite" finished-at="2022-08-03T09:56:06 IST" duration-ms="107">
    <groups>
    </groups>
    <test started-at="2022-08-03T09:56:06 IST" name="Command line test" finished-at="2022-08-03T09:56:06 IST" duration-ms="107">
      <class name="qaclickacademy.AppiumTest">
        <test-method signature="IOSApps()[pri:0, instance:qaclickacademy.AppiumTest@446293d]" started-at="2022-08-03T09:56:06 IST" name="IOSApps" finished-at="2022-08-03T09:56:06 IST" duration-ms="5" status="PASS">
          <reporter-output>
          </reporter-output>
        </test-method> <!-- IOSApps -->
        <test-method signature="NativeAppAndroid()[pri:0, instance:qaclickacademy.AppiumTest@446293d]" started-at="2022-08-03T09:56:06 IST" name="NativeAppAndroid" finished-at="2022-08-03T09:56:06 IST" duration-ms="1" status="PASS">
          <reporter-output>
          </reporter-output>
        </test-method> <!-- NativeAppAndroid -->
      </class> <!-- qaclickacademy.AppiumTest -->
      <class name="qaclickacademy.RESTAPITest">
        <test-method signature="deleteTwitter()[pri:0, instance:qaclickacademy.RESTAPITest@6babf3bf]" started-at="2022-08-03T09:56:06 IST" name="deleteTwitter" finished-at="2022-08-03T09:56:06 IST" duration-ms="1" status="PASS">
          <reporter-output>
          </reporter-output>
        </test-method> <!-- deleteTwitter -->
        <test-method signature="postJira()[pri:0, instance:qaclickacademy.RESTAPITest@6babf3bf]" started-at="2022-08-03T09:56:06 IST" name="postJira" finished-at="2022-08-03T09:56:06 IST" duration-ms="1" status="PASS">
          <reporter-output>
          </reporter-output>
        </test-method> <!-- postJira -->
      </class> <!-- qaclickacademy.RESTAPITest -->
      <class name="qaclickacademy.SeleniumTest">
        <test-method signature="browwserAutomation()[pri:0, instance:qaclickacademy.SeleniumTest@3059cbc]" started-at="2022-08-03T09:56:06 IST" name="browwserAutomation" finished-at="2022-08-03T09:56:06 IST" duration-ms="1" status="PASS">
          <reporter-output>
          </reporter-output>
        </test-method> <!-- browwserAutomation -->
        <test-method signature="elementsUi()[pri:0, instance:qaclickacademy.SeleniumTest@3059cbc]" started-at="2022-08-03T09:56:06 IST" name="elementsUi" finished-at="2022-08-03T09:56:06 IST" duration-ms="1" status="PASS">
          <reporter-output>
          </reporter-output>
        </test-method> <!-- elementsUi -->
      </class> <!-- qaclickacademy.SeleniumTest -->
    </test> <!-- Command line test -->
  </suite> <!-- Command line suite -->
</testng-results>
