<?xml version="1.0" encoding="UTF-8"?>
<testng-results ignored="0" total="6" passed="6" failed="0" skipped="0">
  <reporter-output>
  </reporter-output>
  <suite started-at="2022-08-02T12:14:28 IST" name="Suite" finished-at="2022-08-02T12:14:28 IST" duration-ms="116">
    <groups>
    </groups>
    <test started-at="2022-08-02T12:14:28 IST" name="Test" finished-at="2022-08-02T12:14:28 IST" duration-ms="116">
      <class name="qaclickacademy.AppiumTest">
        <test-method signature="IOSApps()[pri:0, instance:qaclickacademy.AppiumTest@27462a88]" started-at="2022-08-02T12:14:28 IST" name="IOSApps" finished-at="2022-08-02T12:14:28 IST" duration-ms="11" status="PASS">
          <reporter-output>
          </reporter-output>
        </test-method> <!-- IOSApps -->
        <test-method signature="NativeAppAndroid()[pri:0, instance:qaclickacademy.AppiumTest@27462a88]" started-at="2022-08-02T12:14:28 IST" name="NativeAppAndroid" finished-at="2022-08-02T12:14:28 IST" duration-ms="3" status="PASS">
          <reporter-output>
          </reporter-output>
        </test-method> <!-- NativeAppAndroid -->
      </class> <!-- qaclickacademy.AppiumTest -->
      <class name="qaclickacademy.RESTAPITest">
        <test-method signature="deleteTwitter()[pri:0, instance:qaclickacademy.RESTAPITest@52b1beb6]" started-at="2022-08-02T12:14:28 IST" name="deleteTwitter" finished-at="2022-08-02T12:14:28 IST" duration-ms="3" status="PASS">
          <reporter-output>
          </reporter-output>
        </test-method> <!-- deleteTwitter -->
        <test-method signature="postJira()[pri:0, instance:qaclickacademy.RESTAPITest@52b1beb6]" started-at="2022-08-02T12:14:28 IST" name="postJira" finished-at="2022-08-02T12:14:28 IST" duration-ms="4" status="PASS">
          <reporter-output>
          </reporter-output>
        </test-method> <!-- postJira -->
      </class> <!-- qaclickacademy.RESTAPITest -->
      <class name="qaclickacademy.SeleniumTest">
        <test-method signature="browwserAutomation()[pri:0, instance:qaclickacademy.SeleniumTest@53aac487]" started-at="2022-08-02T12:14:28 IST" name="browwserAutomation" finished-at="2022-08-02T12:14:28 IST" duration-ms="4" status="PASS">
          <reporter-output>
          </reporter-output>
        </test-method> <!-- browwserAutomation -->
        <test-method signature="elementsUi()[pri:0, instance:qaclickacademy.SeleniumTest@53aac487]" started-at="2022-08-02T12:14:28 IST" name="elementsUi" finished-at="2022-08-02T12:14:28 IST" duration-ms="3" status="PASS">
          <reporter-output>
          </reporter-output>
        </test-method> <!-- elementsUi -->
      </class> <!-- qaclickacademy.SeleniumTest -->
    </test> <!-- Test -->
  </suite> <!-- Suite -->
</testng-results>
